<?xml version="1.0" encoding="UTF-8"?>
<!-- Generated by org.testng.reporters.JUnitReportReporter -->
<testsuite skipped="0" hostname="DESKTOP-BN5SSFC" name="MercuryTours.Test_01" tests="2" failures="0" timestamp="23 Sep 2018 10:18:59 GMT" time="3.125" errors="0">
  <testcase name="UserRegistration" time="2.118" classname="MercuryTours.Test_01"/>
  <testcase name="clickRegistration" time="1.007" classname="MercuryTours.Test_01"/>
</testsuite> <!-- MercuryTours.Test_01 -->
